<?xml version="1.0" encoding="UTF-8"?>
<!-- Generated by org.testng.reporters.JUnitXMLReporter -->
<testsuite hostname="DESKTOP-MLOH9VB" ignored="0" name="Test" tests="2" failures="2" timestamp="2021-12-22T16:12:48 IST" time="42.88" errors="0">
  <testcase name="runScenario" time="26.57" classname="io.cucumber.testng.AbstractTestNGCucumberTests">
    <failure type="org.openqa.selenium.ElementClickInterceptedException" message="element click intercepted: Element &amp;lt;a _ngcontent-ahr-c24=&amp;quot;&amp;quot; href=&amp;quot;https://courses.rahulshettyacademy.com/sign_in&amp;quot; class=&amp;quot;theme-btn register-btn&amp;quot;&amp;gt;...&amp;lt;/a&amp;gt; is not clickable at point (1197, 27). Other element would receive the click: &amp;lt;div _ngcontent-ahr-c24=&amp;quot;&amp;quot; class=&amp;quot;preloader&amp;quot; style=&amp;quot;opacity: 0.999842;&amp;quot;&amp;gt;...&amp;lt;/div&amp;gt;
  (Session info: chrome=96.0.4664.110)
Build info: version: &amp;apos;4.0.0&amp;apos;, revision: &amp;apos;3a21814679&amp;apos;
System info: host: &amp;apos;DESKTOP-MLOH9VB&amp;apos;, ip: &amp;apos;192.168.144.133&amp;apos;, os.name: &amp;apos;Windows 10&amp;apos;, os.arch: &amp;apos;amd64&amp;apos;, os.version: &amp;apos;10.0&amp;apos;, java.version: &amp;apos;1.8.0_291&amp;apos;
Driver info: org.openqa.selenium.chrome.ChromeDriver
Command: [6dbc1a9de02109f89d15f968bc1fbf14, clickElement {id=f2682a94-9506-45b7-84d0-3533d6b4ec96}]
Capabilities {acceptInsecureCerts: false, browserName: chrome, browserVersion: 96.0.4664.110, chrome: {chromedriverVersion: 96.0.4664.45 (76e4c1bb2ab46..., userDataDir: C:\Users\PMKRIS~1\AppData\L...}, goog:chromeOptions: {debuggerAddress: localhost:61317}, javascriptEnabled: true, networkConnectionEnabled: false, pageLoadStrategy: normal, platform: WINDOWS, platformName: WINDOWS, proxy: Proxy(), se:cdp: ws://localhost:61317/devtoo..., se:cdpVersion: 96.0.4664.110, setWindowRect: true, strictFileInteractability: false, timeouts: {implicit: 0, pageLoad: 300000, script: 30000}, unhandledPromptBehavior: dismiss and notify, webauthn:extension:credBlob: true, webauthn:extension:largeBlob: true, webauthn:virtualAuthenticators: true}
Element: [[ChromeDriver: chrome on WINDOWS (6dbc1a9de02109f89d15f968bc1fbf14)] -&amp;gt; xpath: /html/body/app-root/div/header/div[1]/div/div/div[2]/div[2]/a]
Session ID: 6dbc1a9de02109f89d15f968bc1fbf14">
      <![CDATA[org.openqa.selenium.ElementClickInterceptedException: element click intercepted: Element <a _ngcontent-ahr-c24="" href="https://courses.rahulshettyacademy.com/sign_in" class="theme-btn register-btn">...</a> is not clickable at point (1197, 27). Other element would receive the click: <div _ngcontent-ahr-c24="" class="preloader" style="opacity: 0.999842;">...</div>
  (Session info: chrome=96.0.4664.110)
Build info: version: '4.0.0', revision: '3a21814679'
System info: host: 'DESKTOP-MLOH9VB', ip: '192.168.144.133', os.name: 'Windows 10', os.arch: 'amd64', os.version: '10.0', java.version: '1.8.0_291'
Driver info: org.openqa.selenium.chrome.ChromeDriver
Command: [6dbc1a9de02109f89d15f968bc1fbf14, clickElement {id=f2682a94-9506-45b7-84d0-3533d6b4ec96}]
Capabilities {acceptInsecureCerts: false, browserName: chrome, browserVersion: 96.0.4664.110, chrome: {chromedriverVersion: 96.0.4664.45 (76e4c1bb2ab46..., userDataDir: C:\Users\PMKRIS~1\AppData\L...}, goog:chromeOptions: {debuggerAddress: localhost:61317}, javascriptEnabled: true, networkConnectionEnabled: false, pageLoadStrategy: normal, platform: WINDOWS, platformName: WINDOWS, proxy: Proxy(), se:cdp: ws://localhost:61317/devtoo..., se:cdpVersion: 96.0.4664.110, setWindowRect: true, strictFileInteractability: false, timeouts: {implicit: 0, pageLoad: 300000, script: 30000}, unhandledPromptBehavior: dismiss and notify, webauthn:extension:credBlob: true, webauthn:extension:largeBlob: true, webauthn:virtualAuthenticators: true}
Element: [[ChromeDriver: chrome on WINDOWS (6dbc1a9de02109f89d15f968bc1fbf14)] -> xpath: /html/body/app-root/div/header/div[1]/div/div/div[2]/div[2]/a]
Session ID: 6dbc1a9de02109f89d15f968bc1fbf14
at org.openqa.selenium.remote.codec.w3c.W3CHttpResponseCodec.createException(W3CHttpResponseCodec.java:200)
at org.openqa.selenium.remote.codec.w3c.W3CHttpResponseCodec.decode(W3CHttpResponseCodec.java:133)
at org.openqa.selenium.remote.codec.w3c.W3CHttpResponseCodec.decode(W3CHttpResponseCodec.java:53)
at org.openqa.selenium.remote.HttpCommandExecutor.execute(HttpCommandExecutor.java:184)
at org.openqa.selenium.remote.service.DriverCommandExecutor.invokeExecute(DriverCommandExecutor.java:164)
at org.openqa.selenium.remote.service.DriverCommandExecutor.execute(DriverCommandExecutor.java:139)
at org.openqa.selenium.remote.RemoteWebDriver.execute(RemoteWebDriver.java:559)
at org.openqa.selenium.remote.RemoteWebElement.execute(RemoteWebElement.java:251)
at org.openqa.selenium.remote.RemoteWebElement.click(RemoteWebElement.java:77)
at runnerFiles.StepDefination.user_enters_valid_credentials_and(StepDefination.java:46)
at ✽.User Enters Valid Credentials priya.77498@gmail.com and 88Priya@(classpath:runnerFiles/Login.feature:7)
... Removed 4 stack frames]]>
    </failure>
  </testcase> <!-- runScenario -->
  <testcase name="runScenario" time="15.738" classname="io.cucumber.testng.AbstractTestNGCucumberTests">
    <failure type="org.openqa.selenium.ElementClickInterceptedException" message="element click intercepted: Element &amp;lt;a _ngcontent-owb-c24=&amp;quot;&amp;quot; href=&amp;quot;https://courses.rahulshettyacademy.com/sign_in&amp;quot; class=&amp;quot;theme-btn register-btn&amp;quot;&amp;gt;...&amp;lt;/a&amp;gt; is not clickable at point (1197, 27). Other element would receive the click: &amp;lt;div _ngcontent-owb-c24=&amp;quot;&amp;quot; class=&amp;quot;preloader&amp;quot; style=&amp;quot;opacity: 0.999911;&amp;quot;&amp;gt;...&amp;lt;/div&amp;gt;
  (Session info: chrome=96.0.4664.110)
Build info: version: &amp;apos;4.0.0&amp;apos;, revision: &amp;apos;3a21814679&amp;apos;
System info: host: &amp;apos;DESKTOP-MLOH9VB&amp;apos;, ip: &amp;apos;192.168.144.133&amp;apos;, os.name: &amp;apos;Windows 10&amp;apos;, os.arch: &amp;apos;amd64&amp;apos;, os.version: &amp;apos;10.0&amp;apos;, java.version: &amp;apos;1.8.0_291&amp;apos;
Driver info: org.openqa.selenium.chrome.ChromeDriver
Command: [14d0f8add670d00e5e8f79bba44eb295, clickElement {id=39ef9f16-7ca1-4fd4-bb2f-544745bf5ba3}]
Capabilities {acceptInsecureCerts: false, browserName: chrome, browserVersion: 96.0.4664.110, chrome: {chromedriverVersion: 96.0.4664.45 (76e4c1bb2ab46..., userDataDir: C:\Users\PMKRIS~1\AppData\L...}, goog:chromeOptions: {debuggerAddress: localhost:61364}, javascriptEnabled: true, networkConnectionEnabled: false, pageLoadStrategy: normal, platform: WINDOWS, platformName: WINDOWS, proxy: Proxy(), se:cdp: ws://localhost:61364/devtoo..., se:cdpVersion: 96.0.4664.110, setWindowRect: true, strictFileInteractability: false, timeouts: {implicit: 0, pageLoad: 300000, script: 30000}, unhandledPromptBehavior: dismiss and notify, webauthn:extension:credBlob: true, webauthn:extension:largeBlob: true, webauthn:virtualAuthenticators: true}
Element: [[ChromeDriver: chrome on WINDOWS (14d0f8add670d00e5e8f79bba44eb295)] -&amp;gt; xpath: /html/body/app-root/div/header/div[1]/div/div/div[2]/div[2]/a]
Session ID: 14d0f8add670d00e5e8f79bba44eb295">
      <![CDATA[org.openqa.selenium.ElementClickInterceptedException: element click intercepted: Element <a _ngcontent-owb-c24="" href="https://courses.rahulshettyacademy.com/sign_in" class="theme-btn register-btn">...</a> is not clickable at point (1197, 27). Other element would receive the click: <div _ngcontent-owb-c24="" class="preloader" style="opacity: 0.999911;">...</div>
  (Session info: chrome=96.0.4664.110)
Build info: version: '4.0.0', revision: '3a21814679'
System info: host: 'DESKTOP-MLOH9VB', ip: '192.168.144.133', os.name: 'Windows 10', os.arch: 'amd64', os.version: '10.0', java.version: '1.8.0_291'
Driver info: org.openqa.selenium.chrome.ChromeDriver
Command: [14d0f8add670d00e5e8f79bba44eb295, clickElement {id=39ef9f16-7ca1-4fd4-bb2f-544745bf5ba3}]
Capabilities {acceptInsecureCerts: false, browserName: chrome, browserVersion: 96.0.4664.110, chrome: {chromedriverVersion: 96.0.4664.45 (76e4c1bb2ab46..., userDataDir: C:\Users\PMKRIS~1\AppData\L...}, goog:chromeOptions: {debuggerAddress: localhost:61364}, javascriptEnabled: true, networkConnectionEnabled: false, pageLoadStrategy: normal, platform: WINDOWS, platformName: WINDOWS, proxy: Proxy(), se:cdp: ws://localhost:61364/devtoo..., se:cdpVersion: 96.0.4664.110, setWindowRect: true, strictFileInteractability: false, timeouts: {implicit: 0, pageLoad: 300000, script: 30000}, unhandledPromptBehavior: dismiss and notify, webauthn:extension:credBlob: true, webauthn:extension:largeBlob: true, webauthn:virtualAuthenticators: true}
Element: [[ChromeDriver: chrome on WINDOWS (14d0f8add670d00e5e8f79bba44eb295)] -> xpath: /html/body/app-root/div/header/div[1]/div/div/div[2]/div[2]/a]
Session ID: 14d0f8add670d00e5e8f79bba44eb295
at org.openqa.selenium.remote.codec.w3c.W3CHttpResponseCodec.createException(W3CHttpResponseCodec.java:200)
at org.openqa.selenium.remote.codec.w3c.W3CHttpResponseCodec.decode(W3CHttpResponseCodec.java:133)
at org.openqa.selenium.remote.codec.w3c.W3CHttpResponseCodec.decode(W3CHttpResponseCodec.java:53)
at org.openqa.selenium.remote.HttpCommandExecutor.execute(HttpCommandExecutor.java:184)
at org.openqa.selenium.remote.service.DriverCommandExecutor.invokeExecute(DriverCommandExecutor.java:164)
at org.openqa.selenium.remote.service.DriverCommandExecutor.execute(DriverCommandExecutor.java:139)
at org.openqa.selenium.remote.RemoteWebDriver.execute(RemoteWebDriver.java:559)
at org.openqa.selenium.remote.RemoteWebElement.execute(RemoteWebElement.java:251)
at org.openqa.selenium.remote.RemoteWebElement.click(RemoteWebElement.java:77)
at runnerFiles.StepDefination.user_enters_valid_credentials_and(StepDefination.java:46)
at ✽.User Enters Valid Credentials test99@gmail.com and 123456(classpath:runnerFiles/Login.feature:7)
... Removed 4 stack frames]]>
    </failure>
  </testcase> <!-- runScenario -->
</testsuite> <!-- Test -->
